<?xml version="1.0" encoding="UTF-8"?>
<!-- Generated by org.testng.reporters.JUnitReportReporter -->
<testsuite skipped="0" hostname="DESKTOP-1M5LI44" name="com.seleniumtest.GoogleSearch" tests="2" failures="0" timestamp="27 Sep 2019 15:22:49 GMT" time="4.816" errors="0">
  <testcase name="step02_searchAnything" time="4.065" classname="com.seleniumtest.GoogleSearch"/>
  <testcase name="step01_openGoogle" time="0.751" classname="com.seleniumtest.GoogleSearch"/>
</testsuite> <!-- com.seleniumtest.GoogleSearch -->
